app/build/intermediates/manifest_merge_blame_file/debug/manifest-merger-blame-debug-report.txt
1<?xml version="1.0" encoding="utf-8"?>
2<manifest xmlns:android="http://schemas.android.com/apk/res/android"
3    package="org.ippoan.shaken"
4    android:versionCode="1"
5    android:versionName="1.0.0" >
6
7    <uses-sdk
8        android:minSdkVersion="26"
9        android:targetSdkVersion="34" />
10
11    <uses-permission android:name="android.permission.INTERNET" />
11-->src/main/AndroidManifest.xml:4:5-67
11-->src/main/AndroidManifest.xml:4:22-64
12    <uses-permission android:name="android.permission.NFC" />
12-->src/main/AndroidManifest.xml:5:5-62
12-->src/main/AndroidManifest.xml:5:22-59
13
14    <uses-feature
14-->src/main/AndroidManifest.xml:6:5-82
15        android:name="android.hardware.nfc"
15-->src/main/AndroidManifest.xml:6:19-54
16        android:required="false" />
16-->src/main/AndroidManifest.xml:6:55-79
17
18    <permission
18-->[androidx.core:core:1.12.0] AndroidManifest.xml:22:5-24:47
19        android:name="org.ippoan.shaken.DYNAMIC_RECEIVER_NOT_EXPORTED_PERMISSION"
19-->[androidx.core:core:1.12.0] AndroidManifest.xml:23:9-81
20        android:protectionLevel="signature" />
20-->[androidx.core:core:1.12.0] AndroidManifest.xml:24:9-44
21
22    <uses-permission android:name="org.ippoan.shaken.DYNAMIC_RECEIVER_NOT_EXPORTED_PERMISSION" />
22-->[androidx.core:core:1.12.0] AndroidManifest.xml:26:5-97
22-->[androidx.core:core:1.12.0] AndroidManifest.xml:26:22-94
23
24    <application
24-->src/main/AndroidManifest.xml:8:5-61:19
25        android:allowBackup="true"
25-->src/main/AndroidManifest.xml:9:9-35
26        android:appComponentFactory="androidx.core.app.CoreComponentFactory"
26-->[androidx.core:core:1.12.0] AndroidManifest.xml:28:18-86
27        android:debuggable="true"
28        android:extractNativeLibs="false"
29        android:icon="@mipmap/ic_launcher"
29-->src/main/AndroidManifest.xml:10:9-43
30        android:label="@string/app_name"
30-->src/main/AndroidManifest.xml:11:9-41
31        android:networkSecurityConfig="@xml/network_security_config"
31-->src/main/AndroidManifest.xml:14:9-69
32        android:supportsRtl="true"
32-->src/main/AndroidManifest.xml:12:9-35
33        android:theme="@style/Theme.ShakenApp"
33-->src/main/AndroidManifest.xml:13:9-47
34        android:usesCleartextTraffic="false" >
34-->src/main/AndroidManifest.xml:15:9-45
35        <activity
35-->src/main/AndroidManifest.xml:17:9-60:20
36            android:name="org.ippoan.shaken.MainActivity"
36-->src/main/AndroidManifest.xml:18:13-41
37            android:configChanges="orientation|screenSize|keyboardHidden"
37-->src/main/AndroidManifest.xml:21:13-74
38            android:exported="true"
38-->src/main/AndroidManifest.xml:20:13-36
39            android:launchMode="singleTop" >
39-->src/main/AndroidManifest.xml:19:13-43
40
41            <!-- Launcher -->
42            <intent-filter>
42-->src/main/AndroidManifest.xml:24:13-27:29
43                <action android:name="android.intent.action.MAIN" />
43-->src/main/AndroidManifest.xml:25:17-69
43-->src/main/AndroidManifest.xml:25:25-66
44
45                <category android:name="android.intent.category.LAUNCHER" />
45-->src/main/AndroidManifest.xml:26:17-77
45-->src/main/AndroidManifest.xml:26:27-74
46            </intent-filter>
47
48            <!-- NFC -->
49            <intent-filter>
49-->src/main/AndroidManifest.xml:30:13-32:29
50                <action android:name="android.nfc.action.TECH_DISCOVERED" />
50-->src/main/AndroidManifest.xml:31:17-77
50-->src/main/AndroidManifest.xml:31:25-74
51            </intent-filter>
52
53            <meta-data
53-->src/main/AndroidManifest.xml:33:13-35:59
54                android:name="android.nfc.action.TECH_DISCOVERED"
54-->src/main/AndroidManifest.xml:34:17-66
55                android:resource="@xml/nfc_tech_filter" />
55-->src/main/AndroidManifest.xml:35:17-56
56
57            <!-- 共有 Intent 受信: PDF -->
58            <intent-filter>
58-->src/main/AndroidManifest.xml:38:13-42:29
59                <action android:name="android.intent.action.SEND" />
59-->src/main/AndroidManifest.xml:39:17-69
59-->src/main/AndroidManifest.xml:39:25-66
60
61                <category android:name="android.intent.category.DEFAULT" />
61-->src/main/AndroidManifest.xml:40:17-76
61-->src/main/AndroidManifest.xml:40:27-73
62
63                <data android:mimeType="application/pdf" />
63-->src/main/AndroidManifest.xml:41:17-60
63-->src/main/AndroidManifest.xml:41:23-57
64            </intent-filter>
65            <intent-filter>
65-->src/main/AndroidManifest.xml:43:13-47:29
66                <action android:name="android.intent.action.SEND_MULTIPLE" />
66-->src/main/AndroidManifest.xml:44:17-78
66-->src/main/AndroidManifest.xml:44:25-75
67
68                <category android:name="android.intent.category.DEFAULT" />
68-->src/main/AndroidManifest.xml:40:17-76
68-->src/main/AndroidManifest.xml:40:27-73
69
70                <data android:mimeType="application/pdf" />
70-->src/main/AndroidManifest.xml:41:17-60
70-->src/main/AndroidManifest.xml:41:23-57
71            </intent-filter>
72
73            <!-- 共有 Intent 受信: JSON -->
74            <intent-filter>
74-->src/main/AndroidManifest.xml:50:13-54:29
75                <action android:name="android.intent.action.SEND" />
75-->src/main/AndroidManifest.xml:39:17-69
75-->src/main/AndroidManifest.xml:39:25-66
76
77                <category android:name="android.intent.category.DEFAULT" />
77-->src/main/AndroidManifest.xml:40:17-76
77-->src/main/AndroidManifest.xml:40:27-73
78
79                <data android:mimeType="application/json" />
79-->src/main/AndroidManifest.xml:41:17-60
79-->src/main/AndroidManifest.xml:41:23-57
80            </intent-filter>
81            <intent-filter>
81-->src/main/AndroidManifest.xml:55:13-59:29
82                <action android:name="android.intent.action.SEND_MULTIPLE" />
82-->src/main/AndroidManifest.xml:44:17-78
82-->src/main/AndroidManifest.xml:44:25-75
83
84                <category android:name="android.intent.category.DEFAULT" />
84-->src/main/AndroidManifest.xml:40:17-76
84-->src/main/AndroidManifest.xml:40:27-73
85
86                <data android:mimeType="application/json" />
86-->src/main/AndroidManifest.xml:41:17-60
86-->src/main/AndroidManifest.xml:41:23-57
87            </intent-filter>
88        </activity>
89
90        <provider
90-->[androidx.emoji2:emoji2:1.2.0] AndroidManifest.xml:24:9-32:20
91            android:name="androidx.startup.InitializationProvider"
91-->[androidx.emoji2:emoji2:1.2.0] AndroidManifest.xml:25:13-67
92            android:authorities="org.ippoan.shaken.androidx-startup"
92-->[androidx.emoji2:emoji2:1.2.0] AndroidManifest.xml:26:13-68
93            android:exported="false" >
93-->[androidx.emoji2:emoji2:1.2.0] AndroidManifest.xml:27:13-37
94            <meta-data
94-->[androidx.emoji2:emoji2:1.2.0] AndroidManifest.xml:29:13-31:52
95                android:name="androidx.emoji2.text.EmojiCompatInitializer"
95-->[androidx.emoji2:emoji2:1.2.0] AndroidManifest.xml:30:17-75
96                android:value="androidx.startup" />
96-->[androidx.emoji2:emoji2:1.2.0] AndroidManifest.xml:31:17-49
97            <meta-data
97-->[androidx.lifecycle:lifecycle-process:2.7.0] AndroidManifest.xml:29:13-31:52
98                android:name="androidx.lifecycle.ProcessLifecycleInitializer"
98-->[androidx.lifecycle:lifecycle-process:2.7.0] AndroidManifest.xml:30:17-78
99                android:value="androidx.startup" />
99-->[androidx.lifecycle:lifecycle-process:2.7.0] AndroidManifest.xml:31:17-49
100            <meta-data
100-->[androidx.profileinstaller:profileinstaller:1.3.0] AndroidManifest.xml:29:13-31:52
101                android:name="androidx.profileinstaller.ProfileInstallerInitializer"
101-->[androidx.profileinstaller:profileinstaller:1.3.0] AndroidManifest.xml:30:17-85
102                android:value="androidx.startup" />
102-->[androidx.profileinstaller:profileinstaller:1.3.0] AndroidManifest.xml:31:17-49
103        </provider>
104
105        <receiver
105-->[androidx.profileinstaller:profileinstaller:1.3.0] AndroidManifest.xml:34:9-52:20
106            android:name="androidx.profileinstaller.ProfileInstallReceiver"
106-->[androidx.profileinstaller:profileinstaller:1.3.0] AndroidManifest.xml:35:13-76
107            android:directBootAware="false"
107-->[androidx.profileinstaller:profileinstaller:1.3.0] AndroidManifest.xml:36:13-44
108            android:enabled="true"
108-->[androidx.profileinstaller:profileinstaller:1.3.0] AndroidManifest.xml:37:13-35
109            android:exported="true"
109-->[androidx.profileinstaller:profileinstaller:1.3.0] AndroidManifest.xml:38:13-36
110            android:permission="android.permission.DUMP" >
110-->[androidx.profileinstaller:profileinstaller:1.3.0] AndroidManifest.xml:39:13-57
111            <intent-filter>
111-->[androidx.profileinstaller:profileinstaller:1.3.0] AndroidManifest.xml:40:13-42:29
112                <action android:name="androidx.profileinstaller.action.INSTALL_PROFILE" />
112-->[androidx.profileinstaller:profileinstaller:1.3.0] AndroidManifest.xml:41:17-91
112-->[androidx.profileinstaller:profileinstaller:1.3.0] AndroidManifest.xml:41:25-88
113            </intent-filter>
114            <intent-filter>
114-->[androidx.profileinstaller:profileinstaller:1.3.0] AndroidManifest.xml:43:13-45:29
115                <action android:name="androidx.profileinstaller.action.SKIP_FILE" />
115-->[androidx.profileinstaller:profileinstaller:1.3.0] AndroidManifest.xml:44:17-85
115-->[androidx.profileinstaller:profileinstaller:1.3.0] AndroidManifest.xml:44:25-82
116            </intent-filter>
117            <intent-filter>
117-->[androidx.profileinstaller:profileinstaller:1.3.0] AndroidManifest.xml:46:13-48:29
118                <action android:name="androidx.profileinstaller.action.SAVE_PROFILE" />
118-->[androidx.profileinstaller:profileinstaller:1.3.0] AndroidManifest.xml:47:17-88
118-->[androidx.profileinstaller:profileinstaller:1.3.0] AndroidManifest.xml:47:25-85
119            </intent-filter>
120            <intent-filter>
120-->[androidx.profileinstaller:profileinstaller:1.3.0] AndroidManifest.xml:49:13-51:29
121                <action android:name="androidx.profileinstaller.action.BENCHMARK_OPERATION" />
121-->[androidx.profileinstaller:profileinstaller:1.3.0] AndroidManifest.xml:50:17-95
121-->[androidx.profileinstaller:profileinstaller:1.3.0] AndroidManifest.xml:50:25-92
122            </intent-filter>
123        </receiver>
124    </application>
125
126</manifest>